time: 0.000310 :read 3 elem from file /root/cube-1.3/proc/main/base_define/namelist.json!
time: 0.000424 :read 4 elem from file /root/cube-1.3/proc/main/base_define/dispatchnamelist.json!
time: 0.000478 :read 1 elem from file /root/cube-1.3/proc/main/base_define/typelist.json!
time: 0.000675 :read 7 elem from file /root/cube-1.3/proc/main/base_define/subtypelist.json!
time: 0.000720 :read 1 elem from file /root/cube-1.3/proc/main/base_define/baseflag.json!
time: 0.000935 :read 3 elem from file /root/cube-1.3/proc/main/base_define/memdb.json!
time: 0.001499 :read 7 elem from file /root/cube-1.3/proc/main/base_define/msghead.json!
time: 0.001742 :read 2 elem from file /root/cube-1.3/proc/main/base_define/msgrecord.json!
time: 0.002258 :read 10 elem from file /root/cube-1.3/proc/main/base_define/base_msg.json!
time: 0.002692 :read 8 elem from file /root/cube-1.3/proc/main/base_define/return.json!
time: 0.002933 :read 3 elem from file /root/cube-1.3/proc/main/base_define/dispatchrecord.json!
time: 0.003050 :read 2 elem from file /root/cube-1.3/proc/main/base_define/exmoduledefine.json!
time: 0.003164 :read 1 elem from file /root/cube-1.3/proc/main/base_define/sys_conn.json!
time: 0.003678 :read 9 elem from file user_define.json!
time: 0.003940 :read 5 elem from file record_define.json!
time: 0.009369 :this machine's local uuid is 8e8848e46b4725af6753531a332b447519206ae4d49304c2d0677a545d9b3725

time: 0.014733 :read 1 connector!

time: 0.014910 :read 2 policy from router_policy file!
time: 0.014936 :system plugin router_proc is prepared!
time: 0.020227 :system plugin connector_proc is prepared!
time: 0.020323 :ex_module connector_proc started successfully!
time: 0.020369 :ex_module router_proc started successfully!
time: 0.020395 :ex_module msg_send started successfully!
time: 0.020422 :ex_module print started successfully!
time: 0.020428 :instance load 4 module!

ucctime: 0.020428 :instance load 4 module!

time: 0.020441 :client user_client connect succeed!

time: 0.025625 :proc conn client receive 270 data!

time: 0.025715 :send 327 data to conn user_client!

time: 0.025723 :client user_client send 327 ack data to server !

time: 0.030616 :router get proc connector_proc's message 
time: 2.024658 :router get proc msg_send's message 
time: 2.024696 :new msg match path login's policy
time: 2.024791 :send message to conn process!
time: 2.027264 :send 284 data to conn user_client!

time: 2.027281 :send (12800  1)message 284 to conn user_client!

time: 2.058104 :proc conn client receive 200 data!

time: 2.060306 :router get proc connector_proc's message 
time: 2.060332 :remote msg match path login's policy
time: 2.065498 :router get proc print's message 
time: 3.024701 :router get proc msg_send's message 
time: 3.024727 :new msg match path record's policy
time: 3.024795 :send message to conn process!
time: 3.027019 :send 219 data to conn user_client!

time: 3.027037 :send (12816  3)message 219 to conn user_client!

time: 3.062986 :proc conn client receive 205 data!

time: 3.065455 :router get proc connector_proc's message 
time: 3.065483 :remote msg match path record's policy
time: 3.070716 :router get proc print's message 
time: 4.025470 :router get proc msg_send's message 
time: 4.025524 :new msg match path record's policy
time: 4.025600 :send message to conn process!
time: 4.027636 :send 185 data to conn user_client!

time: 4.027668 :send (12816  2)message 185 to conn user_client!

time: 4.053422 :proc conn client receive 207 data!

time: 4.055997 :router get proc connector_proc's message 
time: 4.056016 :remote msg match path record's policy
time: 4.061169 :router get proc print's message 
