time: 0.000414 :read 3 elem from file /root/cube-1.3/proc/main/base_define/namelist.json!
time: 0.000550 :read 4 elem from file /root/cube-1.3/proc/main/base_define/dispatchnamelist.json!
time: 0.000621 :read 1 elem from file /root/cube-1.3/proc/main/base_define/typelist.json!
time: 0.000892 :read 7 elem from file /root/cube-1.3/proc/main/base_define/subtypelist.json!
time: 0.000953 :read 1 elem from file /root/cube-1.3/proc/main/base_define/baseflag.json!
time: 0.001235 :read 3 elem from file /root/cube-1.3/proc/main/base_define/memdb.json!
time: 0.002040 :read 7 elem from file /root/cube-1.3/proc/main/base_define/msghead.json!
time: 0.002363 :read 2 elem from file /root/cube-1.3/proc/main/base_define/msgrecord.json!
time: 0.003027 :read 10 elem from file /root/cube-1.3/proc/main/base_define/base_msg.json!
time: 0.003586 :read 8 elem from file /root/cube-1.3/proc/main/base_define/return.json!
time: 0.003956 :read 3 elem from file /root/cube-1.3/proc/main/base_define/dispatchrecord.json!
time: 0.004117 :read 2 elem from file /root/cube-1.3/proc/main/base_define/exmoduledefine.json!
time: 0.004279 :read 1 elem from file /root/cube-1.3/proc/main/base_define/sys_conn.json!
time: 0.004887 :read 9 elem from file user_define.json!
time: 0.005156 :read 5 elem from file record_define.json!
time: 0.010817 :this machine's local uuid is 8e8848e46b4725af6753531a332b447519206ae4d49304c2d0677a545d9b3725

time: 0.016155 :read 1 connector!

time: 0.016320 :read 2 policy from router_policy file!
time: 0.016349 :system plugin router_proc is prepared!
time: 0.021598 :system plugin connector_proc is prepared!
time: 0.021685 :ex_module connector_proc started successfully!
time: 0.021720 :ex_module router_proc started successfully!
time: 0.021743 :ex_module msg_send started successfully!
time: 0.021767 :ex_module print started successfully!
time: 0.021771 :instance load 4 module!

time: 0.021807 :begin msgfile_send module!

time: 0.021865 :client user_client connect succeed!

time: 0.027064 :proc conn client receive 270 data!

time: 0.027153 :send 327 data to conn user_client!

time: 0.027160 :client user_client send 327 ack data to server !

time: 0.031945 :router get proc connector_proc's message 
time: 2.026907 :router get proc msg_send's message 
time: 2.026969 :new msg match path login's policy
time: 2.027064 :send message to conn process!
time: 2.028527 :send 285 data to conn user_client!

time: 2.028555 :send (12800  1)message 285 to conn user_client!

time: 2.059491 :proc conn client receive 200 data!

time: 2.062538 :router get proc connector_proc's message 
time: 2.062562 :remote msg match path login's policy
time: 2.067695 :router get proc print's message 
time: 3.026506 :router get proc msg_send's message 
time: 3.026544 :new msg match path record's policy
time: 3.026646 :send message to conn process!
time: 3.031770 :send 241 data to conn user_client!

time: 3.031785 :send (12816  3)message 241 to conn user_client!

time: 3.062547 :proc conn client receive 205 data!

time: 3.067209 :router get proc connector_proc's message 
time: 3.067244 :remote msg match path record's policy
time: 3.072393 :router get proc print's message 
time: 4.026183 :router get proc msg_send's message 
time: 4.026221 :new msg match path record's policy
time: 4.026285 :send message to conn process!
time: 4.029937 :send 187 data to conn user_client!

time: 4.029969 :send (12816  2)message 187 to conn user_client!

time: 4.055683 :proc conn client receive 229 data!

time: 4.056725 :router get proc connector_proc's message 
time: 4.056744 :remote msg match path record's policy
time: 4.061865 :router get proc print's message 
